# JRE version: OpenJDK Runtime Environment Temurin-21.0.10+7 (21.0.10+7) (build 21.0.10+7-LTS)
# Java VM: OpenJDK 64-Bit Server VM Temurin-21.0.10+7 (21.0.10+7-LTS, mixed mode, sharing, tiered, compressed oops, compressed class ptrs, g1 gc, windows-amd64)
GC Precious Log:
 CardTable entry size: 512
 Card Set container configuration: InlinePtr #cards 5 size 8 Array Of Cards #cards 12 size 40 Howl #buckets 4 coarsen threshold 1843 Howl Bitmap #cards 512 size 80 coarsen threshold 460 Card regions per heap region 1 cards per card region 2048
 CPUs: 4 total, 4 available
 Memory: 8026M
 Large Page Support: Disabled
 NUMA Support: Disabled
 Compressed Oops: Enabled (32-bit)
 Heap Region Size: 1M
 Heap Min Capacity: 8M
 Heap Initial Capacity: 126M
 Heap Max Capacity: 2G
 Pre-touch: Disabled
 Parallel Workers: 4
 Concurrent Workers: 1
 Concurrent Refinement Workers: 4
 Periodic GC: Disabled
Heap:
 garbage-first heap   total 204800K, used 150982K [0x0000000080000000, 0x0000000100000000)
  region size 1024K, 20 young (20480K), 8 survivors (8192K)
 Metaspace       used 105924K, committed 108480K, reserved 1179648K
  class space    used 15250K, committed 16512K, reserved 1048576K
GC Heap History (20 events):
Event: 111.324 GC heap before
{Heap before GC invocations=46 (full 0):
 garbage-first heap   total 163840K, used 140526K [0x0000000080000000, 0x0000000100000000)
  region size 1024K, 45 young (46080K), 5 survivors (5120K)
 Metaspace       used 88453K, committed 90688K, reserved 1179648K
  class space    used 12710K, committed 13824K, reserved 1048576K
}
Event: 111.338 GC heap after
{Heap after GC invocations=47 (full 0):
 garbage-first heap   total 163840K, used 100617K [0x0000000080000000, 0x0000000100000000)
  region size 1024K, 5 young (5120K), 5 survivors (5120K)
 Metaspace       used 88453K, committed 90688K, reserved 1179648K
  class space    used 12710K, committed 13824K, reserved 1048576K
}
Event: 112.698 GC heap before
{Heap before GC invocations=47 (full 0):
 garbage-first heap   total 163840K, used 143625K [0x0000000080000000, 0x0000000100000000)
  region size 1024K, 47 young (48128K), 5 survivors (5120K)
 Metaspace       used 90961K, committed 93184K, reserved 1179648K
  class space    used 13057K, committed 14208K, reserved 1048576K
}
Event: 112.709 GC heap after
{Heap after GC invocations=48 (full 0):
 garbage-first heap   total 163840K, used 103312K [0x0000000080000000, 0x0000000100000000)
  region size 1024K, 5 young (5120K), 5 survivors (5120K)
 Metaspace       used 90961K, committed 93184K, reserved 1179648K
  class space    used 13057K, committed 14208K, reserved 1048576K
}
Event: 114.510 GC heap before
{Heap before GC invocations=49 (full 0):
 garbage-first heap   total 174080K, used 146320K [0x0000000080000000, 0x0000000100000000)
  region size 1024K, 47 young (48128K), 5 survivors (5120K)
 Metaspace       used 94316K, committed 96576K, reserved 1179648K
  class space    used 13673K, committed 14784K, reserved 1048576K
}
Event: 114.523 GC heap after
{Heap after GC invocations=50 (full 0):
 garbage-first heap   total 174080K, used 105678K [0x0000000080000000, 0x0000000100000000)
  region size 1024K, 5 young (5120K), 5 survivors (5120K)
 Metaspace       used 94316K, committed 96576K, reserved 1179648K
  class space    used 13673K, committed 14784K, reserved 1048576K
}
Event: 117.296 GC heap before
{Heap before GC invocations=50 (full 0):
 garbage-first heap   total 174080K, used 154830K [0x0000000080000000, 0x0000000100000000)
  region size 1024K, 53 young (54272K), 5 survivors (5120K)
 Metaspace       used 97763K, committed 100032K, reserved 1179648K
  class space    used 14117K, committed 15232K, reserved 1048576K
}
Event: 117.313 GC heap after
{Heap after GC invocations=51 (full 0):
 garbage-first heap   total 174080K, used 105919K [0x0000000080000000, 0x0000000100000000)
  region size 1024K, 3 young (3072K), 3 survivors (3072K)
 Metaspace       used 97763K, committed 100032K, reserved 1179648K
  class space    used 14117K, committed 15232K, reserved 1048576K
}
Event: 119.960 GC heap before
{Heap before GC invocations=51 (full 0):
 garbage-first heap   total 174080K, used 156095K [0x0000000080000000, 0x0000000100000000)
  region size 1024K, 53 young (54272K), 3 survivors (3072K)
 Metaspace       used 101718K, committed 104064K, reserved 1179648K
  class space    used 14647K, committed 15808K, reserved 1048576K
}
Event: 119.971 GC heap after
{Heap after GC invocations=52 (full 0):
 garbage-first heap   total 174080K, used 108682K [0x0000000080000000, 0x0000000100000000)
  region size 1024K, 6 young (6144K), 6 survivors (6144K)
 Metaspace       used 101718K, committed 104064K, reserved 1179648K
  class space    used 14647K, committed 15808K, reserved 1048576K
}
Event: 124.409 GC heap before
{Heap before GC invocations=53 (full 0):
 garbage-first heap   total 183296K, used 157834K [0x0000000080000000, 0x0000000100000000)
  region size 1024K, 55 young (56320K), 6 survivors (6144K)
 Metaspace       used 102436K, committed 104896K, reserved 1179648K
  class space    used 14735K, committed 15936K, reserved 1048576K
}
Event: 124.428 GC heap after
{Heap after GC invocations=54 (full 0):
 garbage-first heap   total 183296K, used 113157K [0x0000000080000000, 0x0000000100000000)
  region size 1024K, 7 young (7168K), 7 survivors (7168K)
 Metaspace       used 102436K, committed 104896K, reserved 1179648K
  class space    used 14735K, committed 15936K, reserved 1048576K
}
Event: 129.058 GC heap before
{Heap before GC invocations=54 (full 0):
 garbage-first heap   total 183296K, used 166405K [0x0000000080000000, 0x0000000100000000)
  region size 1024K, 60 young (61440K), 7 survivors (7168K)
 Metaspace       used 102438K, committed 104896K, reserved 1179648K
  class space    used 14736K, committed 15936K, reserved 1048576K
}
Event: 129.078 GC heap after
{Heap after GC invocations=55 (full 0):
 garbage-first heap   total 183296K, used 115297K [0x0000000080000000, 0x0000000100000000)
  region size 1024K, 3 young (3072K), 3 survivors (3072K)
 Metaspace       used 102438K, committed 104896K, reserved 1179648K
  class space    used 14736K, committed 15936K, reserved 1048576K
}
Event: 133.015 GC heap before
{Heap before GC invocations=55 (full 0):
 garbage-first heap   total 183296K, used 158305K [0x0000000080000000, 0x0000000100000000)
  region size 1024K, 46 young (47104K), 3 survivors (3072K)
 Metaspace       used 103183K, committed 105600K, reserved 1179648K
  class space    used 14868K, committed 16064K, reserved 1048576K
}
Event: 133.024 GC heap after
{Heap after GC invocations=56 (full 0):
 garbage-first heap   total 183296K, used 117776K [0x0000000080000000, 0x0000000100000000)
  region size 1024K, 6 young (6144K), 6 survivors (6144K)
 Metaspace       used 103183K, committed 105600K, reserved 1179648K
  class space    used 14868K, committed 16064K, reserved 1048576K
}
Event: 138.866 GC heap before
{Heap before GC invocations=57 (full 0):
 garbage-first heap   total 203776K, used 172048K [0x0000000080000000, 0x0000000100000000)
  region size 1024K, 57 young (58368K), 6 survivors (6144K)
 Metaspace       used 104418K, committed 106944K, reserved 1179648K
  class space    used 15090K, committed 16320K, reserved 1048576K
}
Event: 138.902 GC heap after
{Heap after GC invocations=58 (full 0):
 garbage-first heap   total 203776K, used 130048K [0x0000000080000000, 0x0000000100000000)
  region size 1024K, 8 young (8192K), 8 survivors (8192K)
 Metaspace       used 104418K, committed 106944K, reserved 1179648K
  class space    used 15090K, committed 16320K, reserved 1048576K
}
Event: 141.184 GC heap before
{Heap before GC invocations=58 (full 0):
 garbage-first heap   total 203776K, used 183296K [0x0000000080000000, 0x0000000100000000)
  region size 1024K, 60 young (61440K), 8 survivors (8192K)
 Metaspace       used 105923K, committed 108480K, reserved 1179648K
  class space    used 15250K, committed 16512K, reserved 1048576K
}
Event: 141.212 GC heap after
{Heap after GC invocations=59 (full 0):
 garbage-first heap   total 204800K, used 139718K [0x0000000080000000, 0x0000000100000000)
  region size 1024K, 8 young (8192K), 8 survivors (8192K)
 Metaspace       used 105923K, committed 108480K, reserved 1179648K
  class space    used 15250K, committed 16512K, reserved 1048576K
}

